# JRE version: Java(TM) SE Runtime Environment (8.0_72-b15) (build 1.8.0_72-b15)
# Java VM: Java HotSpot(TM) 64-Bit Server VM (25.72-b15 mixed mode linux-amd64 compressed oops)
Heap:
 PSYoungGen      total 26112K, used 20161K [0x00000000eab00000, 0x00000000ede00000, 0x0000000100000000)
  eden space 24576K, 82% used [0x00000000eab00000,0x00000000ebeb0600,0x00000000ec300000)
  from space 1536K, 0% used [0x00000000ec300000,0x00000000ec300000,0x00000000ec480000)
  to   space 1536K, 0% used [0x00000000edc80000,0x00000000edc80000,0x00000000ede00000)
 ParOldGen       total 51200K, used 21803K [0x00000000c0000000, 0x00000000c3200000, 0x00000000eab00000)
  object space 51200K, 42% used [0x00000000c0000000,0x00000000c154afc0,0x00000000c3200000)
 Metaspace       used 18183K, capacity 18394K, committed 18816K, reserved 1064960K
  class space    used 2242K, capacity 2327K, committed 2432K, reserved 1048576K
GC Heap History (8 events):
Event: 1,283 GC heap before
{Heap before GC invocations=1 (full 0):
 PSYoungGen      total 13824K, used 12288K [0x00000000eab00000, 0x00000000eba00000, 0x0000000100000000)
  eden space 12288K, 100% used [0x00000000eab00000,0x00000000eb700000,0x00000000eb700000)
  from space 1536K, 0% used [0x00000000eb880000,0x00000000eb880000,0x00000000eba00000)
  to   space 1536K, 0% used [0x00000000eb700000,0x00000000eb700000,0x00000000eb880000)
 ParOldGen       total 31744K, used 0K [0x00000000c0000000, 0x00000000c1f00000, 0x00000000eab00000)
  object space 31744K, 0% used [0x00000000c0000000,0x00000000c0000000,0x00000000c1f00000)
 Metaspace       used 12545K, capacity 12714K, committed 12800K, reserved 1060864K
  class space    used 1434K, capacity 1505K, committed 1536K, reserved 1048576K
Event: 1,302 GC heap after
Heap after GC invocations=1 (full 0):
 PSYoungGen      total 13824K, used 1522K [0x00000000eab00000, 0x00000000ec600000, 0x0000000100000000)
  eden space 12288K, 0% used [0x00000000eab00000,0x00000000eab00000,0x00000000eb700000)
  from space 1536K, 99% used [0x00000000eb700000,0x00000000eb87c888,0x00000000eb880000)
  to   space 1536K, 0% used [0x00000000ec480000,0x00000000ec480000,0x00000000ec600000)
 ParOldGen       total 31744K, used 2877K [0x00000000c0000000, 0x00000000c1f00000, 0x00000000eab00000)
  object space 31744K, 9% used [0x00000000c0000000,0x00000000c02cf680,0x00000000c1f00000)
 Metaspace       used 12545K, capacity 12714K, committed 12800K, reserved 1060864K
  class space    used 1434K, capacity 1505K, committed 1536K, reserved 1048576K
}
Event: 1,821 GC heap before
{Heap before GC invocations=2 (full 0):
 PSYoungGen      total 13824K, used 13778K [0x00000000eab00000, 0x00000000ec600000, 0x0000000100000000)
  eden space 12288K, 99% used [0x00000000eab00000,0x00000000eb6f8340,0x00000000eb700000)
  from space 1536K, 99% used [0x00000000eb700000,0x00000000eb87c888,0x00000000eb880000)
  to   space 1536K, 0% used [0x00000000ec480000,0x00000000ec480000,0x00000000ec600000)
 ParOldGen       total 31744K, used 2877K [0x00000000c0000000, 0x00000000c1f00000, 0x00000000eab00000)
  object space 31744K, 9% used [0x00000000c0000000,0x00000000c02cf680,0x00000000c1f00000)
 Metaspace       used 15714K, capacity 15964K, committed 16256K, reserved 1062912K
  class space    used 1952K, capacity 2052K, committed 2176K, reserved 1048576K
Event: 1,841 GC heap after
Heap after GC invocations=2 (full 0):
 PSYoungGen      total 26112K, used 1520K [0x00000000eab00000, 0x00000000ec600000, 0x0000000100000000)
  eden space 24576K, 0% used [0x00000000eab00000,0x00000000eab00000,0x00000000ec300000)
  from space 1536K, 98% used [0x00000000ec480000,0x00000000ec5fc080,0x00000000ec600000)
  to   space 1536K, 0% used [0x00000000ec300000,0x00000000ec300000,0x00000000ec480000)
 ParOldGen       total 31744K, used 8872K [0x00000000c0000000, 0x00000000c1f00000, 0x00000000eab00000)
  object space 31744K, 27% used [0x00000000c0000000,0x00000000c08aa2a8,0x00000000c1f00000)
 Metaspace       used 15714K, capacity 15964K, committed 16256K, reserved 1062912K
  class space    used 1952K, capacity 2052K, committed 2176K, reserved 1048576K
}
Event: 1,898 GC heap before
{Heap before GC invocations=3 (full 0):
 PSYoungGen      total 26112K, used 25542K [0x00000000eab00000, 0x00000000ec600000, 0x0000000100000000)
  eden space 24576K, 97% used [0x00000000eab00000,0x00000000ec275970,0x00000000ec300000)
  from space 1536K, 98% used [0x00000000ec480000,0x00000000ec5fc080,0x00000000ec600000)
  to   space 1536K, 0% used [0x00000000ec300000,0x00000000ec300000,0x00000000ec480000)
 ParOldGen       total 31744K, used 8872K [0x00000000c0000000, 0x00000000c1f00000, 0x00000000eab00000)
  object space 31744K, 27% used [0x00000000c0000000,0x00000000c08aa2a8,0x00000000c1f00000)
 Metaspace       used 15748K, capacity 15964K, committed 16256K, reserved 1062912K
  class space    used 1955K, capacity 2052K, committed 2176K, reserved 1048576K
Event: 1,923 GC heap after
Heap after GC invocations=3 (full 0):
 PSYoungGen      total 26112K, used 1520K [0x00000000eab00000, 0x00000000ede00000, 0x0000000100000000)
  eden space 24576K, 0% used [0x00000000eab00000,0x00000000eab00000,0x00000000ec300000)
  from space 1536K, 98% used [0x00000000ec300000,0x00000000ec47c080,0x00000000ec480000)
  to   space 1536K, 0% used [0x00000000edc80000,0x00000000edc80000,0x00000000ede00000)
 ParOldGen       total 31744K, used 21019K [0x00000000c0000000, 0x00000000c1f00000, 0x00000000eab00000)
  object space 31744K, 66% used [0x00000000c0000000,0x00000000c1486cc0,0x00000000c1f00000)
 Metaspace       used 15748K, capacity 15964K, committed 16256K, reserved 1062912K
  class space    used 1955K, capacity 2052K, committed 2176K, reserved 1048576K
}
Event: 1,924 GC heap before
{Heap before GC invocations=4 (full 1):
 PSYoungGen      total 26112K, used 1520K [0x00000000eab00000, 0x00000000ede00000, 0x0000000100000000)
  eden space 24576K, 0% used [0x00000000eab00000,0x00000000eab00000,0x00000000ec300000)
  from space 1536K, 98% used [0x00000000ec300000,0x00000000ec47c080,0x00000000ec480000)
  to   space 1536K, 0% used [0x00000000edc80000,0x00000000edc80000,0x00000000ede00000)
 ParOldGen       total 31744K, used 21019K [0x00000000c0000000, 0x00000000c1f00000, 0x00000000eab00000)
  object space 31744K, 66% used [0x00000000c0000000,0x00000000c1486cc0,0x00000000c1f00000)
 Metaspace       used 15748K, capacity 15964K, committed 16256K, reserved 1062912K
  class space    used 1955K, capacity 2052K, committed 2176K, reserved 1048576K
Event: 2,001 GC heap after
Heap after GC invocations=4 (full 1):
 PSYoungGen      total 26112K, used 0K [0x00000000eab00000, 0x00000000ede00000, 0x0000000100000000)
  eden space 24576K, 0% used [0x00000000eab00000,0x00000000eab00000,0x00000000ec300000)
  from space 1536K, 0% used [0x00000000ec300000,0x00000000ec300000,0x00000000ec480000)
  to   space 1536K, 0% used [0x00000000edc80000,0x00000000edc80000,0x00000000ede00000)
 ParOldGen       total 51200K, used 21803K [0x00000000c0000000, 0x00000000c3200000, 0x00000000eab00000)
  object space 51200K, 42% used [0x00000000c0000000,0x00000000c154afc0,0x00000000c3200000)
 Metaspace       used 15748K, capacity 15964K, committed 16256K, reserved 1062912K
  class space    used 1955K, capacity 2052K, committed 2176K, reserved 1048576K
}

