# JRE version: Java(TM) SE Runtime Environment (8.0_72-b15) (build 1.8.0_72-b15)
# Java VM: Java HotSpot(TM) 64-Bit Server VM (25.72-b15 mixed mode linux-amd64 compressed oops)
Heap:
 PSYoungGen      total 26112K, used 22010K [0x00000000eab00000, 0x00000000ede00000, 0x0000000100000000)
  eden space 24576K, 89% used [0x00000000eab00000,0x00000000ec07eb78,0x00000000ec300000)
  from space 1536K, 0% used [0x00000000ec300000,0x00000000ec300000,0x00000000ec480000)
  to   space 1536K, 0% used [0x00000000edc80000,0x00000000edc80000,0x00000000ede00000)
 ParOldGen       total 51712K, used 22000K [0x00000000c0000000, 0x00000000c3280000, 0x00000000eab00000)
  object space 51712K, 42% used [0x00000000c0000000,0x00000000c157c3a8,0x00000000c3280000)
 Metaspace       used 18313K, capacity 18522K, committed 18816K, reserved 1064960K
  class space    used 2252K, capacity 2327K, committed 2432K, reserved 1048576K
GC Heap History (8 events):
Event: 1,338 GC heap before
{Heap before GC invocations=1 (full 0):
 PSYoungGen      total 13824K, used 12288K [0x00000000eab00000, 0x00000000eba00000, 0x0000000100000000)
  eden space 12288K, 100% used [0x00000000eab00000,0x00000000eb700000,0x00000000eb700000)
  from space 1536K, 0% used [0x00000000eb880000,0x00000000eb880000,0x00000000eba00000)
  to   space 1536K, 0% used [0x00000000eb700000,0x00000000eb700000,0x00000000eb880000)
 ParOldGen       total 31744K, used 0K [0x00000000c0000000, 0x00000000c1f00000, 0x00000000eab00000)
  object space 31744K, 0% used [0x00000000c0000000,0x00000000c0000000,0x00000000c1f00000)
 Metaspace       used 12377K, capacity 12490K, committed 12800K, reserved 1060864K
  class space    used 1415K, capacity 1473K, committed 1536K, reserved 1048576K
Event: 1,356 GC heap after
Heap after GC invocations=1 (full 0):
 PSYoungGen      total 13824K, used 1522K [0x00000000eab00000, 0x00000000ec600000, 0x0000000100000000)
  eden space 12288K, 0% used [0x00000000eab00000,0x00000000eab00000,0x00000000eb700000)
  from space 1536K, 99% used [0x00000000eb700000,0x00000000eb87c888,0x00000000eb880000)
  to   space 1536K, 0% used [0x00000000ec480000,0x00000000ec480000,0x00000000ec600000)
 ParOldGen       total 31744K, used 2773K [0x00000000c0000000, 0x00000000c1f00000, 0x00000000eab00000)
  object space 31744K, 8% used [0x00000000c0000000,0x00000000c02b5578,0x00000000c1f00000)
 Metaspace       used 12377K, capacity 12490K, committed 12800K, reserved 1060864K
  class space    used 1415K, capacity 1473K, committed 1536K, reserved 1048576K
}
Event: 1,886 GC heap before
{Heap before GC invocations=2 (full 0):
 PSYoungGen      total 13824K, used 13758K [0x00000000eab00000, 0x00000000ec600000, 0x0000000100000000)
  eden space 12288K, 99% used [0x00000000eab00000,0x00000000eb6f3328,0x00000000eb700000)
  from space 1536K, 99% used [0x00000000eb700000,0x00000000eb87c888,0x00000000eb880000)
  to   space 1536K, 0% used [0x00000000ec480000,0x00000000ec480000,0x00000000ec600000)
 ParOldGen       total 31744K, used 2773K [0x00000000c0000000, 0x00000000c1f00000, 0x00000000eab00000)
  object space 31744K, 8% used [0x00000000c0000000,0x00000000c02b5578,0x00000000c1f00000)
 Metaspace       used 15706K, capacity 15964K, committed 16256K, reserved 1062912K
  class space    used 1952K, capacity 2052K, committed 2176K, reserved 1048576K
Event: 1,905 GC heap after
Heap after GC invocations=2 (full 0):
 PSYoungGen      total 26112K, used 1504K [0x00000000eab00000, 0x00000000ec600000, 0x0000000100000000)
  eden space 24576K, 0% used [0x00000000eab00000,0x00000000eab00000,0x00000000ec300000)
  from space 1536K, 97% used [0x00000000ec480000,0x00000000ec5f8090,0x00000000ec600000)
  to   space 1536K, 0% used [0x00000000ec300000,0x00000000ec300000,0x00000000ec480000)
 ParOldGen       total 31744K, used 8493K [0x00000000c0000000, 0x00000000c1f00000, 0x00000000eab00000)
  object space 31744K, 26% used [0x00000000c0000000,0x00000000c084b5e8,0x00000000c1f00000)
 Metaspace       used 15706K, capacity 15964K, committed 16256K, reserved 1062912K
  class space    used 1952K, capacity 2052K, committed 2176K, reserved 1048576K
}
Event: 1,965 GC heap before
{Heap before GC invocations=3 (full 0):
 PSYoungGen      total 26112K, used 25500K [0x00000000eab00000, 0x00000000ec600000, 0x0000000100000000)
  eden space 24576K, 97% used [0x00000000eab00000,0x00000000ec26f308,0x00000000ec300000)
  from space 1536K, 97% used [0x00000000ec480000,0x00000000ec5f8090,0x00000000ec600000)
  to   space 1536K, 0% used [0x00000000ec300000,0x00000000ec300000,0x00000000ec480000)
 ParOldGen       total 31744K, used 8493K [0x00000000c0000000, 0x00000000c1f00000, 0x00000000eab00000)
  object space 31744K, 26% used [0x00000000c0000000,0x00000000c084b5e8,0x00000000c1f00000)
 Metaspace       used 15739K, capacity 15964K, committed 16256K, reserved 1062912K
  class space    used 1955K, capacity 2052K, committed 2176K, reserved 1048576K
Event: 1,988 GC heap after
Heap after GC invocations=3 (full 0):
 PSYoungGen      total 26112K, used 1504K [0x00000000eab00000, 0x00000000ede00000, 0x0000000100000000)
  eden space 24576K, 0% used [0x00000000eab00000,0x00000000eab00000,0x00000000ec300000)
  from space 1536K, 97% used [0x00000000ec300000,0x00000000ec478070,0x00000000ec480000)
  to   space 1536K, 0% used [0x00000000edc80000,0x00000000edc80000,0x00000000ede00000)
 ParOldGen       total 31744K, used 20998K [0x00000000c0000000, 0x00000000c1f00000, 0x00000000eab00000)
  object space 31744K, 66% used [0x00000000c0000000,0x00000000c1481828,0x00000000c1f00000)
 Metaspace       used 15739K, capacity 15964K, committed 16256K, reserved 1062912K
  class space    used 1955K, capacity 2052K, committed 2176K, reserved 1048576K
}
Event: 1,988 GC heap before
{Heap before GC invocations=4 (full 1):
 PSYoungGen      total 26112K, used 1504K [0x00000000eab00000, 0x00000000ede00000, 0x0000000100000000)
  eden space 24576K, 0% used [0x00000000eab00000,0x00000000eab00000,0x00000000ec300000)
  from space 1536K, 97% used [0x00000000ec300000,0x00000000ec478070,0x00000000ec480000)
  to   space 1536K, 0% used [0x00000000edc80000,0x00000000edc80000,0x00000000ede00000)
 ParOldGen       total 31744K, used 20998K [0x00000000c0000000, 0x00000000c1f00000, 0x00000000eab00000)
  object space 31744K, 66% used [0x00000000c0000000,0x00000000c1481828,0x00000000c1f00000)
 Metaspace       used 15739K, capacity 15964K, committed 16256K, reserved 1062912K
  class space    used 1955K, capacity 2052K, committed 2176K, reserved 1048576K
Event: 2,055 GC heap after
Heap after GC invocations=4 (full 1):
 PSYoungGen      total 26112K, used 0K [0x00000000eab00000, 0x00000000ede00000, 0x0000000100000000)
  eden space 24576K, 0% used [0x00000000eab00000,0x00000000eab00000,0x00000000ec300000)
  from space 1536K, 0% used [0x00000000ec300000,0x00000000ec300000,0x00000000ec480000)
  to   space 1536K, 0% used [0x00000000edc80000,0x00000000edc80000,0x00000000ede00000)
 ParOldGen       total 51712K, used 22000K [0x00000000c0000000, 0x00000000c3280000, 0x00000000eab00000)
  object space 51712K, 42% used [0x00000000c0000000,0x00000000c157c3a8,0x00000000c3280000)
 Metaspace       used 15739K, capacity 15964K, committed 16256K, reserved 1062912K
  class space    used 1955K, capacity 2052K, committed 2176K, reserved 1048576K
}

