# JRE version: Java(TM) SE Runtime Environment (8.0_72-b15) (build 1.8.0_72-b15)
# Java VM: Java HotSpot(TM) 64-Bit Server VM (25.72-b15 mixed mode linux-amd64 compressed oops)
Heap:
 PSYoungGen      total 56320K, used 45894K [0x00000000eab00000, 0x00000000f1280000, 0x0000000100000000)
  eden space 37888K, 79% used [0x00000000eab00000,0x00000000ec868be8,0x00000000ed000000)
  from space 18432K, 85% used [0x00000000ed000000,0x00000000edf68e88,0x00000000ee200000)
  to   space 23040K, 0% used [0x00000000efc00000,0x00000000efc00000,0x00000000f1280000)
 ParOldGen       total 161792K, used 104350K [0x00000000c0000000, 0x00000000c9e00000, 0x00000000eab00000)
  object space 161792K, 64% used [0x00000000c0000000,0x00000000c65e7990,0x00000000c9e00000)
 Metaspace       used 17004K, capacity 17178K, committed 17408K, reserved 1064960K
  class space    used 2132K, capacity 2204K, committed 2304K, reserved 1048576K
GC Heap History (10 events):
Event: 2,056 GC heap before
{Heap before GC invocations=6 (full 1):
 PSYoungGen      total 24064K, used 23677K [0x00000000eab00000, 0x00000000ec580000, 0x0000000100000000)
  eden space 23040K, 99% used [0x00000000eab00000,0x00000000ec14c608,0x00000000ec180000)
  from space 1024K, 82% used [0x00000000ec480000,0x00000000ec553010,0x00000000ec580000)
  to   space 1536K, 0% used [0x00000000ec280000,0x00000000ec280000,0x00000000ec400000)
 ParOldGen       total 57856K, used 38298K [0x00000000c0000000, 0x00000000c3880000, 0x00000000eab00000)
  object space 57856K, 66% used [0x00000000c0000000,0x00000000c25668f8,0x00000000c3880000)
 Metaspace       used 14394K, capacity 14584K, committed 14848K, reserved 1062912K
  class space    used 1852K, capacity 1941K, committed 2048K, reserved 1048576K
Event: 2,087 GC heap after
Heap after GC invocations=6 (full 1):
 PSYoungGen      total 25600K, used 972K [0x00000000eab00000, 0x00000000ef100000, 0x0000000100000000)
  eden space 24064K, 0% used [0x00000000eab00000,0x00000000eab00000,0x00000000ec280000)
  from space 1536K, 63% used [0x00000000ec280000,0x00000000ec373010,0x00000000ec400000)
  to   space 14336K, 0% used [0x00000000ee300000,0x00000000ee300000,0x00000000ef100000)
 ParOldGen       total 60928K, used 60146K [0x00000000c0000000, 0x00000000c3b80000, 0x00000000eab00000)
  object space 60928K, 98% used [0x00000000c0000000,0x00000000c3abcab8,0x00000000c3b80000)
 Metaspace       used 14394K, capacity 14584K, committed 14848K, reserved 1062912K
  class space    used 1852K, capacity 1941K, committed 2048K, reserved 1048576K
}
Event: 2,087 GC heap before
{Heap before GC invocations=7 (full 2):
 PSYoungGen      total 25600K, used 972K [0x00000000eab00000, 0x00000000ef100000, 0x0000000100000000)
  eden space 24064K, 0% used [0x00000000eab00000,0x00000000eab00000,0x00000000ec280000)
  from space 1536K, 63% used [0x00000000ec280000,0x00000000ec373010,0x00000000ec400000)
  to   space 14336K, 0% used [0x00000000ee300000,0x00000000ee300000,0x00000000ef100000)
 ParOldGen       total 60928K, used 60146K [0x00000000c0000000, 0x00000000c3b80000, 0x00000000eab00000)
  object space 60928K, 98% used [0x00000000c0000000,0x00000000c3abcab8,0x00000000c3b80000)
 Metaspace       used 14394K, capacity 14584K, committed 14848K, reserved 1062912K
  class space    used 1852K, capacity 1941K, committed 2048K, reserved 1048576K
Event: 2,170 GC heap after
Heap after GC invocations=7 (full 2):
 PSYoungGen      total 25600K, used 0K [0x00000000eab00000, 0x00000000ef100000, 0x0000000100000000)
  eden space 24064K, 0% used [0x00000000eab00000,0x00000000eab00000,0x00000000ec280000)
  from space 1536K, 0% used [0x00000000ec280000,0x00000000ec280000,0x00000000ec400000)
  to   space 14336K, 0% used [0x00000000ee300000,0x00000000ee300000,0x00000000ef100000)
 ParOldGen       total 104448K, used 60636K [0x00000000c0000000, 0x00000000c6600000, 0x00000000eab00000)
  object space 104448K, 58% used [0x00000000c0000000,0x00000000c3b371b8,0x00000000c6600000)
 Metaspace       used 14394K, capacity 14584K, committed 14848K, reserved 1062912K
  class space    used 1852K, capacity 1941K, committed 2048K, reserved 1048576K
}
Event: 2,257 GC heap before
{Heap before GC invocations=8 (full 2):
 PSYoungGen      total 25600K, used 23952K [0x00000000eab00000, 0x00000000ef100000, 0x0000000100000000)
  eden space 24064K, 99% used [0x00000000eab00000,0x00000000ec264310,0x00000000ec280000)
  from space 1536K, 0% used [0x00000000ec280000,0x00000000ec280000,0x00000000ec400000)
  to   space 14336K, 0% used [0x00000000ee300000,0x00000000ee300000,0x00000000ef100000)
 ParOldGen       total 104448K, used 60636K [0x00000000c0000000, 0x00000000c6600000, 0x00000000eab00000)
  object space 104448K, 58% used [0x00000000c0000000,0x00000000c3b371b8,0x00000000c6600000)
 Metaspace       used 14399K, capacity 14584K, committed 14848K, reserved 1062912K
  class space    used 1852K, capacity 1941K, committed 2048K, reserved 1048576K
Event: 2,290 GC heap after
Heap after GC invocations=8 (full 2):
 PSYoungGen      total 52224K, used 14104K [0x00000000eab00000, 0x00000000ef400000, 0x0000000100000000)
  eden space 37888K, 0% used [0x00000000eab00000,0x00000000eab00000,0x00000000ed000000)
  from space 14336K, 98% used [0x00000000ee300000,0x00000000ef0c6120,0x00000000ef100000)
  to   space 18432K, 0% used [0x00000000ed000000,0x00000000ed000000,0x00000000ee200000)
 ParOldGen       total 104448K, used 70004K [0x00000000c0000000, 0x00000000c6600000, 0x00000000eab00000)
  object space 104448K, 67% used [0x00000000c0000000,0x00000000c445d278,0x00000000c6600000)
 Metaspace       used 14399K, capacity 14584K, committed 14848K, reserved 1062912K
  class space    used 1852K, capacity 1941K, committed 2048K, reserved 1048576K
}
Event: 2,520 GC heap before
{Heap before GC invocations=9 (full 2):
 PSYoungGen      total 52224K, used 51908K [0x00000000eab00000, 0x00000000ef400000, 0x0000000100000000)
  eden space 37888K, 99% used [0x00000000eab00000,0x00000000ecfeb0c0,0x00000000ed000000)
  from space 14336K, 98% used [0x00000000ee300000,0x00000000ef0c6120,0x00000000ef100000)
  to   space 18432K, 0% used [0x00000000ed000000,0x00000000ed000000,0x00000000ee200000)
 ParOldGen       total 104448K, used 70004K [0x00000000c0000000, 0x00000000c6600000, 0x00000000eab00000)
  object space 104448K, 67% used [0x00000000c0000000,0x00000000c445d278,0x00000000c6600000)
 Metaspace       used 14594K, capacity 14814K, committed 15104K, reserved 1062912K
  class space    used 1875K, capacity 1974K, committed 2048K, reserved 1048576K
Event: 2,589 GC heap after
Heap after GC invocations=9 (full 2):
 PSYoungGen      total 56320K, used 18228K [0x00000000eab00000, 0x00000000f1280000, 0x0000000100000000)
  eden space 37888K, 0% used [0x00000000eab00000,0x00000000eab00000,0x00000000ed000000)
  from space 18432K, 98% used [0x00000000ed000000,0x00000000ee1cd170,0x00000000ee200000)
  to   space 23040K, 0% used [0x00000000efc00000,0x00000000efc00000,0x00000000f1280000)
 ParOldGen       total 104448K, used 101993K [0x00000000c0000000, 0x00000000c6600000, 0x00000000eab00000)
  object space 104448K, 97% used [0x00000000c0000000,0x00000000c639a508,0x00000000c6600000)
 Metaspace       used 14594K, capacity 14814K, committed 15104K, reserved 1062912K
  class space    used 1875K, capacity 1974K, committed 2048K, reserved 1048576K
}
Event: 2,589 GC heap before
{Heap before GC invocations=10 (full 3):
 PSYoungGen      total 56320K, used 18228K [0x00000000eab00000, 0x00000000f1280000, 0x0000000100000000)
  eden space 37888K, 0% used [0x00000000eab00000,0x00000000eab00000,0x00000000ed000000)
  from space 18432K, 98% used [0x00000000ed000000,0x00000000ee1cd170,0x00000000ee200000)
  to   space 23040K, 0% used [0x00000000efc00000,0x00000000efc00000,0x00000000f1280000)
 ParOldGen       total 104448K, used 101993K [0x00000000c0000000, 0x00000000c6600000, 0x00000000eab00000)
  object space 104448K, 97% used [0x00000000c0000000,0x00000000c639a508,0x00000000c6600000)
 Metaspace       used 14594K, capacity 14814K, committed 15104K, reserved 1062912K
  class space    used 1875K, capacity 1974K, committed 2048K, reserved 1048576K
Event: 2,712 GC heap after
Heap after GC invocations=10 (full 3):
 PSYoungGen      total 56320K, used 15779K [0x00000000eab00000, 0x00000000f1280000, 0x0000000100000000)
  eden space 37888K, 0% used [0x00000000eab00000,0x00000000eab00000,0x00000000ed000000)
  from space 18432K, 85% used [0x00000000ed000000,0x00000000edf68e88,0x00000000ee200000)
  to   space 23040K, 0% used [0x00000000efc00000,0x00000000efc00000,0x00000000f1280000)
 ParOldGen       total 161792K, used 104350K [0x00000000c0000000, 0x00000000c9e00000, 0x00000000eab00000)
  object space 161792K, 64% used [0x00000000c0000000,0x00000000c65e7990,0x00000000c9e00000)
 Metaspace       used 14594K, capacity 14814K, committed 15104K, reserved 1062912K
  class space    used 1875K, capacity 1974K, committed 2048K, reserved 1048576K
}

